2024-05-17T02:45:04.532Z - info : deleted user id: e3d39c07-f62b-4545-87e6-2dd39de80fe9
2024-05-17T02:45:18.066Z - info : fetch user list success
2024-05-17T06:35:37.664Z - info : get captcha success
2024-05-17T06:35:39.159Z - info : get captcha success
2024-05-17T06:36:30.133Z - info : login success username: doctor_1
2024-05-17T06:36:30.644Z - info : fetch user info username: doctor_1
2024-05-17T06:37:19.246Z - error : logout api error: no token provided
2024-05-17T06:37:19.258Z - info : get captcha success
2024-05-17T06:37:28.886Z - info : login success username: admin
2024-05-17T06:37:29.221Z - info : fetch user info username: admin
2024-05-17T06:37:36.346Z - info : fetch user list success
2024-05-17T06:38:14.524Z - info : fetch user info username: admin
2024-05-17T06:39:01.405Z - info : fetch user info username: admin
2024-05-17T06:39:03.465Z - info : fetch user info username: admin
2024-05-17T06:50:18.100Z - info : fetch user info username: admin
2024-05-17T06:50:18.857Z - info : fetch user list success
2024-05-17T06:56:52.610Z - info : fetch user list success
2024-05-17T06:56:53.092Z - info : fetch user info username: admin
2024-05-17T06:57:47.130Z - info : fetch user info username: admin
2024-05-17T06:57:53.909Z - info : fetch user info username: admin
2024-05-17T07:00:22.664Z - info : fetch user info username: admin
2024-05-17T07:00:28.644Z - info : fetch user info username: admin
2024-05-17T07:02:25.409Z - info : fetch user info username: admin
2024-05-17T07:02:26.881Z - info : fetch user list success
2024-05-17T07:05:26.825Z - info : fetch user info username: admin
2024-05-17T07:21:28.406Z - info : fetch user list success
2024-05-17T07:21:28.417Z - info : fetch user info username: admin
2024-05-17T07:33:37.165Z - info : fetch user list success
2024-05-17T07:33:45.105Z - info : fetch user info username: admin
2024-05-17T07:36:54.688Z - info : fetch user info username: admin
2024-05-17T07:40:10.081Z - error : user info api error: TokenExpiredError: jwt expired
2024-05-17T07:40:10.380Z - info : fetch user list success
2024-05-17T07:40:10.425Z - info : logout success
2024-05-17T07:40:10.864Z - info : get captcha success
2024-05-17T07:40:29.806Z - info : login success username: admin
2024-05-17T07:40:30.264Z - info : fetch user info username: admin
2024-05-17T07:41:54.731Z - info : fetch user list success
2024-05-17T07:41:55.833Z - info : fetch user info username: admin
2024-05-17T07:45:26.277Z - info : fetch user info username: admin
2024-05-17T07:46:04.839Z - info : fetch user info username: admin
2024-05-17T07:51:03.063Z - info : fetch user info username: admin
2024-05-17T07:51:03.561Z - info : fetch user list success
2024-05-17T08:00:38.072Z - info : fetch user list success
2024-05-17T08:07:00.159Z - info : fetch user list success
2024-05-17T08:07:20.401Z - info : fetch user info username: admin
2024-05-17T08:09:56.331Z - info : fetch user info username: admin
2024-05-17T08:09:57.862Z - info : fetch user info username: admin
2024-05-17T08:09:59.450Z - info : fetch user list success
2024-05-17T08:16:20.090Z - info : fetch user list success
2024-05-17T08:16:21.063Z - info : fetch user info username: admin
2024-05-17T08:23:03.990Z - info : fetch user list success
2024-05-17T08:24:30.658Z - info : fetch user info username: admin
2024-05-17T08:31:07.166Z - info : fetch user list success
2024-05-17T08:31:14.135Z - info : fetch user info username: admin
2024-05-17T08:33:05.277Z - info : fetch user info username: admin
2024-05-17T08:38:12.985Z - info : fetch user list success
2024-05-17T08:43:42.026Z - info : fetch user list success
2024-05-17T08:48:53.330Z - error : user info api error: TokenExpiredError: jwt expired
2024-05-17T08:48:53.553Z - info : logout success
2024-05-17T08:48:53.637Z - info : get captcha success
2024-05-17T08:48:54.451Z - info : fetch user list success
2024-05-17T08:49:08.393Z - info : login success username: admin
2024-05-17T08:49:09.016Z - info : fetch user info username: admin
2024-05-17T08:51:10.056Z - info : fetch user info username: admin
2024-05-17T08:51:22.441Z - info : fetch user info username: admin
2024-05-17T08:51:23.720Z - info : fetch user info username: admin
2024-05-17T08:51:40.120Z - info : fetch user info username: admin
2024-05-17T08:52:50.034Z - info : fetch user info username: admin
2024-05-17T08:56:10.991Z - info : fetch user list success
2024-05-17T08:56:12.009Z - info : fetch user info username: admin
2024-05-17T08:59:09.425Z - info : fetch user info username: admin
2024-05-17T08:59:12.873Z - info : deleted user id: 07aab3b9-6f17-4c6e-b583-6789540c747e
2024-05-17T08:59:12.980Z - info : fetch user list success
2024-05-17T09:02:03.244Z - info : fetch user info username: admin
2024-05-17T09:02:04.295Z - info : fetch user info username: admin
2024-05-17T09:02:26.117Z - info : fetch user info username: admin
2024-05-17T09:03:16.747Z - info : fetch user info username: admin
2024-05-17T09:03:19.358Z - info : fetch user info username: admin
2024-05-17T09:03:19.929Z - info : fetch user list success
2024-05-17T09:05:32.295Z - info : fetch user info username: admin
2024-05-17T09:05:46.429Z - info : fetch user list success
2024-05-17T09:05:58.530Z - info : fetch user list success
2024-05-17T09:06:03.050Z - info : fetch user info username: admin
2024-05-17T09:06:06.910Z - info : fetch user info username: admin
2024-05-17T09:06:07.451Z - info : fetch user list success
2024-05-17T09:08:39.408Z - info : fetch user info username: admin
2024-05-17T09:14:02.873Z - info : fetch user list success
2024-05-17T09:14:05.071Z - info : fetch user info username: admin
2024-05-17T09:16:03.211Z - info : fetch user info username: admin
2024-05-17T09:21:31.814Z - info : fetch user list success
2024-05-17T09:21:36.385Z - info : fetch user info username: admin
2024-05-17T09:22:03.926Z - info : fetch user info username: admin
2024-05-17T09:22:15.948Z - info : fetch user info username: admin
2024-05-17T09:30:28.893Z - info : fetch user list success
2024-05-17T09:30:30.446Z - info : fetch user info username: admin
2024-05-17T09:32:29.697Z - info : fetch user info username: admin
2024-05-17T09:38:33.880Z - info : fetch user list success
2024-05-17T09:38:34.149Z - info : fetch user info username: admin
2024-05-17T09:42:32.129Z - info : fetch user info username: admin
2024-05-17T09:43:33.077Z - info : fetch user info username: admin
2024-05-17T09:44:08.291Z - info : fetch user list success
2024-05-17T09:44:15.643Z - info : fetch user info username: admin
2024-05-17T09:44:31.732Z - info : fetch user info username: admin
2024-05-17T09:45:24.267Z - info : fetch user info username: admin
2024-05-17T09:53:38.553Z - error : user info api error: TokenExpiredError: jwt expired
2024-05-17T09:53:38.601Z - info : logout success
2024-05-17T09:53:38.713Z - info : get captcha success
2024-05-17T09:53:39.347Z - info : fetch user list success
2024-05-17T09:54:38.873Z - info : get captcha success
2024-05-17T09:58:42.040Z - info : get captcha success
2024-05-17T09:59:03.405Z - info : get captcha success
2024-05-17T09:59:05.587Z - info : get captcha success
2024-05-17T09:59:13.146Z - info : login success username: admin
2024-05-17T09:59:13.650Z - info : fetch user info username: admin
2024-05-17T09:59:13.975Z - info : fetch user list success
2024-05-17T10:03:24.562Z - info : fetch user info username: admin
2024-05-17T10:10:31.136Z - info : fetch user info username: admin
2024-05-17T10:10:31.892Z - info : fetch user list success
2024-05-17T10:10:33.196Z - info : fetch user info username: admin
2024-05-17T10:10:38.818Z - info : fetch user info username: admin
2024-05-17T10:10:42.454Z - info : fetch user info username: admin
2024-05-17T10:22:04.022Z - info : fetch user list success
2024-05-17T10:22:04.478Z - info : fetch user info username: admin
2024-05-17T10:24:07.335Z - info : fetch user info username: admin
2024-05-17T10:24:09.584Z - info : fetch user info username: admin
2024-05-17T10:24:12.586Z - info : fetch user info username: admin
2024-05-17T10:24:38.862Z - info : fetch user info username: admin
2024-05-17T10:24:40.060Z - info : fetch user info username: admin
2024-05-17T10:25:38.337Z - info : fetch user info username: admin
2024-05-17T10:25:48.466Z - info : fetch user info username: admin
2024-05-17T10:25:50.619Z - info : fetch user info username: admin
2024-05-17T10:25:55.681Z - info : fetch user info username: admin
2024-05-17T10:31:44.882Z - info : fetch user info username: admin
2024-05-17T10:31:45.469Z - info : fetch user list success
2024-05-17T10:33:31.322Z - info : fetch user info username: admin
2024-05-17T13:23:21.004Z - error : user info api error: TokenExpiredError: jwt expired
2024-05-17T13:23:21.091Z - info : logout success
2024-05-17T13:23:21.237Z - info : get captcha success
2024-05-20T01:50:28.734Z - info : get captcha success
2024-05-20T01:51:03.716Z - info : login success username: admin
2024-05-20T01:51:04.277Z - info : fetch user info username: admin
2024-05-20T01:51:21.987Z - info : fetch user list success
2024-05-20T01:52:04.848Z - info : fetch user info username: admin
2024-05-20T01:52:23.051Z - info : fetch user info username: admin
2024-05-20T01:52:46.836Z - info : fetch user info username: admin
2024-05-20T01:56:26.918Z - info : fetch user info username: admin
2024-05-20T01:56:27.759Z - info : fetch user list success
2024-05-20T01:56:28.362Z - info : fetch user list success
2024-05-20T01:56:29.672Z - info : fetch user info username: admin
2024-05-20T02:00:15.924Z - info : fetch user list success
2024-05-20T02:00:16.143Z - info : fetch user info username: admin
2024-05-20T02:00:52.144Z - info : fetch user list success
2024-05-20T02:00:53.045Z - info : fetch user info username: admin
2024-05-20T02:01:45.631Z - info : fetch user info username: admin
2024-05-20T02:02:48.773Z - info : fetch user info username: admin
2024-05-20T02:04:12.518Z - info : fetch user info username: admin
2024-05-20T02:11:52.609Z - info : fetch user info username: admin
2024-05-20T02:11:53.158Z - info : fetch user list success
2024-05-20T02:11:53.760Z - info : fetch user list success
2024-05-20T02:11:53.812Z - info : fetch user info username: admin
2024-05-20T02:14:16.196Z - info : fetch user info username: admin
2024-05-20T02:17:29.957Z - info : fetch user info username: admin
2024-05-20T02:17:30.626Z - info : fetch user list success
2024-05-20T02:18:05.912Z - info : fetch user info username: admin
2024-05-20T02:18:23.939Z - info : fetch user info username: admin
2024-05-20T02:19:12.319Z - info : fetch user info username: admin
2024-05-20T02:24:48.003Z - info : fetch user list success
2024-05-20T02:24:49.425Z - info : fetch user info username: admin
2024-05-20T02:25:27.093Z - info : fetch user info username: admin
2024-05-20T02:26:05.386Z - info : fetch user info username: admin
2024-05-20T02:26:09.841Z - info : fetch user info username: admin
2024-05-20T02:27:20.632Z - info : fetch user info username: admin
2024-05-20T02:27:27.352Z - info : fetch user info username: admin
2024-05-20T02:27:41.092Z - info : fetch user info username: admin
2024-05-20T02:27:45.107Z - info : fetch user info username: admin
2024-05-20T02:28:56.416Z - info : fetch user info username: admin
2024-05-20T02:29:47.798Z - info : fetch user info username: admin
2024-05-20T02:30:44.051Z - info : fetch user list success
2024-05-20T02:30:45.145Z - info : fetch user info username: admin
2024-05-20T02:43:25.485Z - info : fetch user info username: admin
2024-05-20T02:43:25.888Z - info : fetch user list success
2024-05-20T02:48:34.075Z - info : fetch user list success
2024-05-20T02:58:39.034Z - info : fetch user list success
2024-05-20T03:07:55.277Z - info : fetch user list success
2024-05-20T03:13:19.059Z - info : fetch user list success
2024-05-20T03:14:07.300Z - error : user info api error: TokenExpiredError: jwt expired
2024-05-20T03:14:07.342Z - info : logout success
2024-05-20T03:14:07.386Z - info : get captcha success
2024-05-20T03:14:18.910Z - info : login success username: admin
2024-05-20T03:14:19.453Z - info : fetch user info username: admin
2024-05-20T03:15:31.887Z - info : fetch user info username: admin
2024-05-20T03:17:41.190Z - info : fetch user info username: admin
2024-05-20T03:19:31.383Z - info : fetch user info username: admin
2024-05-20T03:19:32.046Z - info : fetch user list success
2024-05-20T03:19:33.391Z - info : fetch user info username: admin
2024-05-20T03:20:48.700Z - info : fetch user info username: admin
2024-05-20T03:21:38.799Z - info : fetch user info username: admin
2024-05-20T03:21:39.678Z - info : fetch user info username: admin
2024-05-20T03:22:05.012Z - info : fetch user info username: admin
2024-05-20T03:27:41.896Z - info : fetch user info username: admin
2024-05-20T03:27:42.308Z - info : fetch user list success
2024-05-20T03:32:27.480Z - info : fetch user info username: admin
2024-05-20T03:41:27.942Z - info : fetch user list success
2024-05-20T03:41:29.441Z - info : fetch user info username: admin
2024-05-20T03:41:31.530Z - info : fetch user list success
2024-05-20T03:41:32.497Z - info : fetch user info username: admin
2024-05-20T03:53:25.157Z - info : fetch user list success
2024-05-20T03:53:25.814Z - info : fetch user info username: admin
2024-05-20T03:53:29.941Z - info : fetch user info username: admin
2024-05-20T03:53:30.550Z - info : fetch user list success
2024-05-20T03:55:12.534Z - info : fetch user info username: admin
2024-05-20T03:55:13.381Z - info : fetch user info username: admin
2024-05-20T03:55:29.536Z - info : fetch user info username: admin
2024-05-20T03:56:30.210Z - info : fetch user info username: admin
2024-05-20T03:57:19.289Z - error : edit password api error: PrismaClientValidationError: 
Invalid `prisma.users.update()` invocation in
/Users/890528gh/Desktop/tools/user/build/controllers/userController.js:271:32

  268     logger_1.default.error("edit passwrod error: User not found");
  269     return res.status(responseStatus.not_found).json({ message: "get user info error: user not found" });
  270 }
→ 271 yield prisma.users.update({
        where: {
          id: undefined,
      ?   AND?: usersWhereInput | usersWhereInput[],
      ?   OR?: usersWhereInput[],
      ?   NOT?: usersWhereInput | usersWhereInput[],
      ?   username?: StringFilter | String,
      ?   password?: StringFilter | String,
      ?   voice_attachment?: BoolFilter | Boolean,
      ?   created_at?: DateTimeFilter | DateTime,
      ?   updated_at?: DateTimeFilter | DateTime,
      ?   role_id?: IntFilter | Int,
      ?   deleted?: BoolNullableFilter | Boolean | Null,
      ?   user_permissions?: User_permissionsListRelationFilter,
      ?   role?: RolesRelationFilter | rolesWhereInput
        },
        data: {
          password: undefined,
          updated_at: new Date("2024-05-20T03:57:19.273Z")
        }
      })

Argument `where` of type usersWhereUniqueInput needs at least one of `id` arguments. Available options are marked with ?.
2024-05-20T03:58:02.000Z - error : edit password api error: PrismaClientValidationError: 
Invalid `prisma.users.update()` invocation in
/Users/890528gh/Desktop/tools/user/build/controllers/userController.js:272:32

  269     logger_1.default.error("edit passwrod error: User not found");
  270     return res.status(responseStatus.not_found).json({ message: "get user info error: user not found" });
  271 }
→ 272 yield prisma.users.update({
        where: {
          id: undefined,
      ?   AND?: usersWhereInput | usersWhereInput[],
      ?   OR?: usersWhereInput[],
      ?   NOT?: usersWhereInput | usersWhereInput[],
      ?   username?: StringFilter | String,
      ?   password?: StringFilter | String,
      ?   voice_attachment?: BoolFilter | Boolean,
      ?   created_at?: DateTimeFilter | DateTime,
      ?   updated_at?: DateTimeFilter | DateTime,
      ?   role_id?: IntFilter | Int,
      ?   deleted?: BoolNullableFilter | Boolean | Null,
      ?   user_permissions?: User_permissionsListRelationFilter,
      ?   role?: RolesRelationFilter | rolesWhereInput
        },
        data: {
          password: undefined,
          updated_at: new Date("2024-05-20T03:58:01.992Z")
        }
      })

Argument `where` of type usersWhereUniqueInput needs at least one of `id` arguments. Available options are marked with ?.
2024-05-20T03:58:32.349Z - info : fetch user list success
2024-05-20T04:01:00.657Z - info : edit password api success username: doctor7
2024-05-20T04:01:00.911Z - info : fetch user list success
2024-05-20T04:01:54.304Z - info : fetch user info username: admin
2024-05-20T04:01:58.660Z - info : fetch user info username: admin
2024-05-20T04:03:23.090Z - info : deleted user id: 07aab3b9-6f17-4c6e-b583-6789540c747e
2024-05-20T04:03:23.221Z - info : fetch user list success
2024-05-20T04:03:38.361Z - info : fetch user list success
2024-05-20T04:03:39.269Z - info : fetch user info username: admin
2024-05-20T04:09:28.743Z - info : fetch user list success
2024-05-20T04:09:28.961Z - info : fetch user info username: admin
2024-05-20T04:09:42.325Z - info : fetch user info username: admin
2024-05-20T04:09:47.139Z - info : fetch user info username: admin
2024-05-20T04:11:17.256Z - info : fetch user info username: admin
2024-05-20T04:11:52.399Z - info : fetch user info username: admin
2024-05-20T04:12:06.150Z - info : fetch user info username: admin
2024-05-20T04:22:22.776Z - error : user info api error: TokenExpiredError: jwt expired
2024-05-20T04:22:22.904Z - info : logout success
2024-05-20T04:22:22.999Z - info : get captcha success
2024-05-20T04:22:23.644Z - info : fetch user list success
2024-05-20T04:35:48.371Z - info : get captcha success
2024-05-20T04:36:49.431Z - info : get captcha success
2024-05-20T05:32:11.648Z - info : get captcha success
2024-05-20T05:37:08.793Z - info : get captcha success
2024-05-20T05:37:23.518Z - info : login success username: admin
2024-05-20T05:37:24.025Z - info : fetch user info username: admin
2024-05-20T05:46:28.253Z - info : fetch user info username: admin
2024-05-20T05:46:30.268Z - info : fetch user list success
2024-05-20T05:55:14.495Z - info : fetch user list success
2024-05-20T06:04:13.453Z - info : fetch user list success
2024-05-20T06:04:29.062Z - info : fetch user info username: admin
2024-05-20T06:04:40.849Z - info : edit password api success username: doctor7
2024-05-20T06:04:40.957Z - info : fetch user list success
2024-05-20T06:05:04.565Z - info : fetch user info username: admin
2024-05-20T06:05:14.394Z - info : fetch user info username: admin
2024-05-20T06:06:18.608Z - info : fetch user info username: admin
2024-05-20T06:06:20.898Z - info : fetch user info username: admin
2024-05-20T06:06:22.427Z - info : fetch user list success
2024-05-20T06:06:58.470Z - info : deleted user id: 8182b02d-ae36-4f88-ae6e-57385c8e1de1
2024-05-20T06:06:58.577Z - info : fetch user list success
2024-05-20T06:08:36.084Z - info : fetch user info username: admin
2024-05-20T06:08:37.253Z - info : fetch user list success
2024-05-20T06:08:37.304Z - info : fetch user info username: admin
2024-05-20T06:08:43.487Z - info : deleted user id: e3d39c07-f62b-4545-87e6-2dd39de80fe9
2024-05-20T06:08:43.598Z - info : fetch user list success
2024-05-20T06:12:31.102Z - info : fetch user info username: admin
2024-05-20T06:12:37.400Z - info : fetch user list success
2024-05-20T06:12:37.459Z - info : fetch user info username: admin
2024-05-20T06:12:56.930Z - info : fetch user list success
2024-05-20T06:12:57.028Z - info : fetch user info username: admin
2024-05-20T06:13:05.628Z - info : deleted user id: 8182b02d-ae36-4f88-ae6e-57385c8e1de1
2024-05-20T06:13:05.739Z - info : fetch user list success
2024-05-20T06:16:34.345Z - info : fetch user info username: admin
2024-05-20T06:19:12.871Z - info : fetch user list success
2024-05-20T06:19:13.837Z - info : fetch user info username: admin
2024-05-20T06:19:19.875Z - info : deleted user id: e3d39c07-f62b-4545-87e6-2dd39de80fe9
2024-05-20T06:19:20.083Z - info : fetch user list success
2024-05-20T06:20:17.338Z - info : fetch user info username: admin
2024-05-20T06:20:20.309Z - info : fetch user list success
2024-05-20T06:20:20.338Z - info : fetch user info username: admin
2024-05-20T06:20:28.087Z - info : deleted user id: ae705446-a46b-41af-8392-222a57e02703
2024-05-20T06:20:28.192Z - info : fetch user list success
2024-05-20T06:21:20.439Z - info : fetch user info username: admin
2024-05-20T06:25:26.848Z - info : fetch user info username: admin
2024-05-20T06:25:37.719Z - info : fetch user list success
2024-05-20T06:25:43.884Z - info : fetch user info username: admin
2024-05-20T06:25:58.432Z - info : fetch user list success
2024-05-20T06:25:59.608Z - info : fetch user info username: admin
2024-05-20T06:26:09.534Z - info : deleted user id: 8182b02d-ae36-4f88-ae6e-57385c8e1de1
2024-05-20T06:26:09.797Z - info : fetch user list success
2024-05-20T06:29:29.290Z - info : fetch user info username: admin
2024-05-20T06:31:30.813Z - info : fetch user list success
2024-05-20T06:31:33.009Z - info : fetch user info username: admin
2024-05-20T06:31:39.500Z - info : deleted user id: e3d39c07-f62b-4545-87e6-2dd39de80fe9
2024-05-20T06:31:39.636Z - info : fetch user list success
2024-05-20T06:33:25.628Z - info : fetch user info username: admin
2024-05-20T06:33:38.470Z - info : fetch user info username: admin
2024-05-20T06:35:21.340Z - info : fetch user info username: admin
2024-05-20T06:37:28.748Z - error : user info api error: TokenExpiredError: jwt expired
2024-05-20T06:37:28.782Z - info : logout success
2024-05-20T06:37:28.857Z - info : get captcha success
2024-05-20T06:37:29.049Z - info : fetch user list success
2024-05-20T06:37:42.939Z - info : login success username: admin
2024-05-20T06:37:43.237Z - info : fetch user info username: admin
2024-05-20T06:40:12.016Z - info : fetch user info username: admin
2024-05-20T06:45:27.576Z - info : fetch user info username: admin
2024-05-20T06:47:09.324Z - info : fetch user info username: admin
2024-05-20T06:50:16.814Z - info : fetch user info username: admin
2024-05-20T06:53:04.801Z - info : fetch user info username: admin
2024-05-20T06:56:33.053Z - info : fetch user info username: admin
2024-05-20T06:57:49.672Z - info : fetch user info username: admin
2024-05-20T07:01:56.278Z - info : fetch user info username: admin
2024-05-20T07:02:03.256Z - info : fetch user info username: admin
2024-05-20T07:02:29.862Z - info : fetch user info username: admin
2024-05-20T07:03:26.705Z - info : fetch user info username: admin
2024-05-20T07:05:56.695Z - info : fetch user info username: admin
2024-05-20T07:05:58.719Z - info : fetch user info username: admin
2024-05-20T07:06:25.207Z - info : fetch user info username: admin
2024-05-20T07:10:19.429Z - info : fetch user info username: admin
2024-05-20T07:17:51.715Z - info : fetch user info username: admin
2024-05-20T07:19:42.847Z - info : fetch user info username: admin
2024-05-20T07:21:28.977Z - info : fetch user info username: admin
2024-05-20T07:21:55.847Z - info : fetch user info username: admin
2024-05-20T07:23:35.806Z - info : fetch user info username: admin
2024-05-20T07:27:11.451Z - info : fetch user info username: admin
2024-05-20T07:27:45.559Z - info : fetch user info username: admin
2024-05-20T07:28:19.079Z - info : fetch user info username: admin
2024-05-20T07:30:16.512Z - info : fetch user info username: admin
2024-05-20T07:30:29.711Z - info : fetch user info username: admin
2024-05-20T07:30:53.096Z - info : fetch user info username: admin
2024-05-20T07:31:22.631Z - info : fetch user info username: admin
2024-05-20T07:31:39.372Z - info : fetch user info username: admin
2024-05-20T07:32:07.192Z - info : fetch user info username: admin
2024-05-20T07:34:42.278Z - info : fetch user info username: admin
2024-05-20T07:34:56.444Z - info : fetch user list success
2024-05-20T07:36:09.628Z - info : fetch user info username: admin
2024-05-20T07:37:56.542Z - error : user info api error: TokenExpiredError: jwt expired
2024-05-20T07:37:56.585Z - info : logout success
2024-05-20T07:37:56.651Z - info : get captcha success
2024-05-20T07:38:11.288Z - info : login success username: admin
2024-05-20T07:38:11.593Z - info : fetch user info username: admin
2024-05-20T07:43:54.988Z - info : fetch user list success
2024-05-20T07:43:55.366Z - info : fetch user info username: admin
